<?xml version="1.0" encoding="UTF-8"?>
<!-- Generated by org.testng.reporters.JUnitReportReporter -->
<testsuite hostname="T14-Min" failures="0" tests="1" name="firstTestPackage.FirstTest" time="29.161" errors="0" timestamp="2023-02-05T21:46:49 ICT" skipped="0">
  <testcase classname="firstTestPackage.FirstTest" name="verifyHomepageTitle" time="29.161"/>
  <system-out/>
</testsuite> <!-- firstTestPackage.FirstTest -->
